<?xml version="1.0" encoding="UTF-8"?>
<!-- Generated by org.testng.reporters.JUnitXMLReporter -->
<testsuite hostname="SHARMAPC-PC" name="Selling Books" tests="1" failures="0" timestamp="23 Apr 2020 12:18:50 GMT" time="0.046" errors="0">
  <testcase name="@BeforeTest shouldWeSkip" time="0.0" classname="tests.SellItemsTest">
    <skipped/>
  </testcase> <!-- @BeforeTest shouldWeSkip -->
  <testcase name="testSellingBooks" time="0.002" classname="tests.SellItemsTest">
    <skipped/>
  </testcase> <!-- testSellingBooks -->
</testsuite> <!-- Selling Books -->
