<?xml version="1.0" encoding="UTF-8"?>
<!-- Generated by org.testng.reporters.JUnitXMLReporter -->
<testsuite hostname="SHARMAPC-PC" name="Test Listeners" tests="2" failures="1" timestamp="27 Apr 2020 06:52:52 GMT" time="0.03" errors="0">
  <testcase name="loginbyemail" time="0.01" classname="com.fedphe.Listeners.TestListener2"/>
  <testcase name="loginbyfacebook" time="0.005" classname="com.fedphe.Listeners.TestListener2">
    <failure type="java.lang.AssertionError" message="expected [kumar] but found [vijay]">
      <![CDATA[java.lang.AssertionError: expected [kumar] but found [vijay]
	at com.fedphe.Listeners.TestListener2.loginbyfacebook(TestListener2.java:19)
... Removed 30 stack frames]]>
    </failure>
  </testcase> <!-- loginbyfacebook -->
</testsuite> <!-- Test Listeners -->
